2025-01-21T09:01:54.877Z [INFO]: Directory:
2025-01-21T09:01:54.881Z [INFO]: [38;2;3;140;252mListening for changes on: C:\vikas\BE\aitch nu internship\aitchnu-projects\mock-internview-platform-final\frontend\dist[39m
2025-01-21T09:01:54.881Z [INFO]: Runtime directory: C:\vikas\BE\Projects\LiveReload\runtime
2025-01-21T09:01:54.883Z [INFO]: Cleaning public directory
2025-01-21T09:01:54.888Z [INFO]: Cleaned the public directory
2025-01-21T09:01:54.890Z [INFO]: Change in C:\vikas\BE\aitch nu internship\aitchnu-projects\mock-internview-platform-final\frontend\dist detected..updating public directory..
2025-01-21T09:02:00.743Z [INFO]: Added the files from source directory to public directory
2025-01-21T09:02:00.745Z [INFO]: Server listening on port: 3000
2025-01-21T09:02:00.746Z [INFO]: [38;2;252;248;3mURL: http://localhost:3000[39m
2025-01-21T09:02:00.747Z [INFO]: Updated public directory with changed files succesfully..
2025-01-21T09:02:08.006Z [INFO]: [38;2;252;3;53mShutting down server...[39m
2025-01-21T09:02:08.007Z [INFO]: Cleaning public directory
2025-01-21T09:02:08.060Z [INFO]: Cleaned the public directory
2025-01-21T09:02:18.307Z [INFO]: Directory:
2025-01-21T09:02:18.310Z [INFO]: [38;2;3;140;252mListening for changes on: C:\vikas\BE\aitch nu internship\aitchnu-projects\mock-internview-platform-final\frontend\dist[39m
2025-01-21T09:02:18.311Z [INFO]: Runtime directory: C:\vikas\BE\Projects\LiveReload\runtime
2025-01-21T09:02:18.315Z [INFO]: Cleaning public directory
2025-01-21T09:02:18.319Z [INFO]: Cleaned the public directory
2025-01-21T09:02:18.322Z [INFO]: Change in C:\vikas\BE\aitch nu internship\aitchnu-projects\mock-internview-platform-final\frontend\dist detected..updating public directory..
2025-01-21T09:02:19.111Z [INFO]: Added the files from source directory to public directory
2025-01-21T09:02:19.112Z [INFO]: Server listening on port: 3000
2025-01-21T09:02:19.112Z [INFO]: [38;2;252;248;3mURL: http://localhost:3000[39m
2025-01-21T09:02:21.125Z [INFO]: Updated public directory with changed files succesfully..
2025-01-21T09:02:31.412Z [INFO]: [38;2;252;3;53mShutting down server...[39m
2025-01-21T09:02:31.413Z [INFO]: Cleaning public directory
2025-01-21T09:02:31.431Z [INFO]: Cleaned the public directory
2025-01-21T09:02:36.887Z [INFO]: [38;2;252;3;53mServer closed.[39m
2025-01-21T11:45:07.707Z [INFO]: Directory:
2025-01-21T11:45:07.710Z [INFO]: [38;2;3;140;252mListening for changes on: C:\vikas\BE\aitch nu internship\aitchnu-projects\mock-internview-platform-final\frontend[39m
2025-01-21T11:45:07.711Z [INFO]: Runtime directory: C:\vikas\BE\Projects\LiveReload\runtime
2025-01-21T11:45:07.713Z [INFO]: Cleaning public directory
2025-01-21T11:45:07.742Z [INFO]: Cleaned the public directory
2025-01-21T11:45:07.747Z [INFO]: Change in C:\vikas\BE\aitch nu internship\aitchnu-projects\mock-internview-platform-final\frontend detected..updating public directory..
2025-01-21T11:45:08.513Z [INFO]: Added the files from source directory to public directory
2025-01-21T11:45:08.516Z [INFO]: Server listening on port: 8000
2025-01-21T11:45:08.517Z [INFO]: [38;2;252;248;3mURL: http://localhost:8000[39m
2025-01-21T11:45:10.490Z [INFO]: Updated public directory with changed files succesfully..
2025-01-21T11:47:24.792Z [INFO]: Change in C:\vikas\BE\aitch nu internship\aitchnu-projects\mock-internview-platform-final\frontend detected..updating public directory..
2025-01-21T11:47:25.674Z [INFO]: Updated public directory with changed files succesfully..
